<?xml version="1.0" encoding="UTF-8"?>
<!-- Generated by org.testng.reporters.JUnitXMLReporter -->
<testsuite ignored="0" hostname="ADTLPTH64913" failures="0" tests="11" name="Default test" time="31.04" errors="0" timestamp="2020-11-03T13:29:53 IST">
  <testcase classname="com.api.automation.DD.Auth2.PMI_chatBot_response" name="testPostData" time="5.06"/>
  <testcase classname="com.api.automation.DD.Auth2.PMI_chatBot_response" name="testPostData" time="2.319"/>
  <testcase classname="com.api.automation.DD.Auth2.PMI_chatBot_response" name="testPostData" time="2.558"/>
  <testcase classname="com.api.automation.DD.Auth2.PMI_chatBot_response" name="testPostData" time="2.545"/>
  <testcase classname="com.api.automation.DD.Auth2.PMI_chatBot_response" name="testPostData" time="2.263"/>
  <testcase classname="com.api.automation.DD.Auth2.PMI_chatBot_response" name="testPostData" time="2.46"/>
  <testcase classname="com.api.automation.DD.Auth2.PMI_chatBot_response" name="testPostData" time="2.348"/>
  <testcase classname="com.api.automation.DD.Auth2.PMI_chatBot_response" name="testPostData" time="2.567"/>
  <testcase classname="com.api.automation.DD.Auth2.PMI_chatBot_response" name="testPostData" time="2.346"/>
  <testcase classname="com.api.automation.DD.Auth2.PMI_chatBot_response" name="testPostData" time="2.373"/>
  <testcase classname="com.api.automation.DD.Auth2.PMI_chatBot_response" name="testPostData" time="2.443"/>
</testsuite> <!-- Default test -->
